<?xml version="1.0" encoding="UTF-8"?>
<!-- Generated by org.testng.reporters.JUnitReportReporter -->
<testsuite hostname="LIN-FJ9D6J3" failures="0" tests="3" name="automationtesting.com.rahulshettyudamycourse.App" time="23.846" errors="0" timestamp="2024-08-21T11:41:30 YEKT" skipped="0">
  <testcase classname="automationtesting.com.rahulshettyudamycourse.App" name="start" time="5.513"/>
  <testcase classname="automationtesting.com.rahulshettyudamycourse.App" name="start3" time="7.789"/>
  <testcase classname="automationtesting.com.rahulshettyudamycourse.App" name="start2" time="10.544"/>
</testsuite> <!-- automationtesting.com.rahulshettyudamycourse.App -->
