<?xml version="1.0" encoding="UTF-8"?>
<!-- Generated by org.testng.reporters.JUnitReportReporter -->
<testsuite hostname="LIN-FJ9D6J3" failures="0" tests="1" name="automationtesting.com.rahulshettyudamycourse.Locatorinjava" time="3.421" errors="0" timestamp="2024-08-22T10:16:42 YEKT" skipped="0">
  <testcase classname="automationtesting.com.rahulshettyudamycourse.Locatorinjava" name="getData" time="3.421"/>
</testsuite> <!-- automationtesting.com.rahulshettyudamycourse.Locatorinjava -->
